<?xml version="1.0" encoding="UTF-8"?>
<coverage generated="1743060696663" clover="3.2.0">
  <project timestamp="1743060696663" name="All files">
    <metrics statements="23" coveredstatements="20" conditionals="17" coveredconditionals="13" methods="4" coveredmethods="4" elements="44" coveredelements="37" complexity="0" loc="23" ncloc="23" packages="1" files="1" classes="1"/>
    <file name="quiz.js" path="/Users/damacm196/Documents/Quiz App/Quiz App/js/quiz.js">
      <metrics statements="23" coveredstatements="20" conditionals="17" coveredconditionals="13" methods="4" coveredmethods="4"/>
      <line num="1" count="1" type="stmt"/>
      <line num="2" count="1" type="stmt"/>
      <line num="4" count="1" type="stmt"/>
      <line num="33" count="4" type="cond" truecount="4" falsecount="0"/>
      <line num="34" count="2" type="stmt"/>
      <line num="37" count="2" type="stmt"/>
      <line num="39" count="2" type="cond" truecount="3" falsecount="2"/>
      <line num="40" count="2" type="stmt"/>
      <line num="43" count="0" type="stmt"/>
      <line num="50" count="3" type="stmt"/>
      <line num="53" count="3" type="cond" truecount="4" falsecount="0"/>
      <line num="54" count="2" type="stmt"/>
      <line num="57" count="1" type="stmt"/>
      <line num="59" count="1" type="cond" truecount="1" falsecount="1"/>
      <line num="60" count="0" type="stmt"/>
      <line num="63" count="1" type="stmt"/>
      <line num="65" count="1" type="cond" truecount="1" falsecount="1"/>
      <line num="66" count="0" type="stmt"/>
      <line num="72" count="1" type="stmt"/>
      <line num="79" count="1" type="stmt"/>
      <line num="82" count="1" type="stmt"/>
      <line num="83" count="4" type="stmt"/>
      <line num="84" count="4" type="stmt"/>
    </file>
  </project>
</coverage>
