{"/Users/damacm196/Documents/Quiz App/Quiz App/js/quiz.js": {"path":"/Users/damacm196/Documents/Quiz App/Quiz App/js/quiz.js","statementMap":{"0":{"start":{"line":1,"column":12},"end":{"line":1,"column":13}},"1":{"start":{"line":2,"column":27},"end":{"line":2,"column":28}},"2":{"start":{"line":4,"column":17},"end":{"line":30,"column":1}},"3":{"start":{"line":33,"column":4},"end":{"line":35,"column":5}},"4":{"start":{"line":34,"column":8},"end":{"line":34,"column":51}},"5":{"start":{"line":37,"column":24},"end":{"line":37,"column":54}},"6":{"start":{"line":39,"column":4},"end":{"line":41,"column":5}},"7":{"start":{"line":40,"column":8},"end":{"line":40,"column":64}},"8":{"start":{"line":43,"column":4},"end":{"line":46,"column":6}},"9":{"start":{"line":50,"column":24},"end":{"line":50,"column":54}},"10":{"start":{"line":53,"column":4},"end":{"line":55,"column":5}},"11":{"start":{"line":54,"column":8},"end":{"line":54,"column":52}},"12":{"start":{"line":57,"column":26},"end":{"line":57,"column":55}},"13":{"start":{"line":59,"column":4},"end":{"line":61,"column":5}},"14":{"start":{"line":60,"column":8},"end":{"line":60,"column":16}},"15":{"start":{"line":63,"column":4},"end":{"line":63,"column":27}},"16":{"start":{"line":65,"column":4},"end":{"line":70,"column":5}},"17":{"start":{"line":66,"column":8},"end":{"line":69,"column":10}},"18":{"start":{"line":72,"column":4},"end":{"line":75,"column":6}},"19":{"start":{"line":79,"column":4},"end":{"line":79,"column":17}},"20":{"start":{"line":82,"column":4},"end":{"line":85,"column":5}},"21":{"start":{"line":82,"column":17},"end":{"line":82,"column":33}},"22":{"start":{"line":83,"column":16},"end":{"line":83,"column":51}},"23":{"start":{"line":84,"column":6},"end":{"line":84,"column":50}}},"fnMap":{"0":{"name":"loadQuestion","decl":{"start":{"line":32,"column":9},"end":{"line":32,"column":21}},"loc":{"start":{"line":32,"column":44},"end":{"line":47,"column":1}},"line":32},"1":{"name":"checkAnswer","decl":{"start":{"line":49,"column":9},"end":{"line":49,"column":20}},"loc":{"start":{"line":49,"column":42},"end":{"line":76,"column":1}},"line":49},"2":{"name":"displayScore","decl":{"start":{"line":78,"column":9},"end":{"line":78,"column":21}},"loc":{"start":{"line":78,"column":24},"end":{"line":80,"column":1}},"line":78},"3":{"name":"shuffleQuestions","decl":{"start":{"line":81,"column":9},"end":{"line":81,"column":25}},"loc":{"start":{"line":81,"column":33},"end":{"line":86,"column":3}},"line":81}},"branchMap":{"0":{"loc":{"start":{"line":33,"column":4},"end":{"line":35,"column":5}},"type":"if","locations":[{"start":{"line":33,"column":4},"end":{"line":35,"column":5}},{"start":{},"end":{}}],"line":33},"1":{"loc":{"start":{"line":33,"column":8},"end":{"line":33,"column":75}},"type":"binary-expr","locations":[{"start":{"line":33,"column":8},"end":{"line":33,"column":32}},{"start":{"line":33,"column":36},"end":{"line":33,"column":75}}],"line":33},"2":{"loc":{"start":{"line":39,"column":4},"end":{"line":41,"column":5}},"type":"if","locations":[{"start":{"line":39,"column":4},"end":{"line":41,"column":5}},{"start":{},"end":{}}],"line":39},"3":{"loc":{"start":{"line":39,"column":8},"end":{"line":39,"column":84}},"type":"binary-expr","locations":[{"start":{"line":39,"column":8},"end":{"line":39,"column":20}},{"start":{"line":39,"column":24},"end":{"line":39,"column":45}},{"start":{"line":39,"column":49},"end":{"line":39,"column":84}}],"line":39},"4":{"loc":{"start":{"line":53,"column":4},"end":{"line":55,"column":5}},"type":"if","locations":[{"start":{"line":53,"column":4},"end":{"line":55,"column":5}},{"start":{},"end":{}}],"line":53},"5":{"loc":{"start":{"line":53,"column":8},"end":{"line":53,"column":73}},"type":"binary-expr","locations":[{"start":{"line":53,"column":8},"end":{"line":53,"column":41}},{"start":{"line":53,"column":45},"end":{"line":53,"column":73}}],"line":53},"6":{"loc":{"start":{"line":59,"column":4},"end":{"line":61,"column":5}},"type":"if","locations":[{"start":{"line":59,"column":4},"end":{"line":61,"column":5}},{"start":{},"end":{}}],"line":59},"7":{"loc":{"start":{"line":65,"column":4},"end":{"line":70,"column":5}},"type":"if","locations":[{"start":{"line":65,"column":4},"end":{"line":70,"column":5}},{"start":{},"end":{}}],"line":65}},"s":{"0":1,"1":1,"2":1,"3":4,"4":2,"5":2,"6":2,"7":2,"8":0,"9":3,"10":3,"11":2,"12":1,"13":1,"14":0,"15":1,"16":1,"17":0,"18":1,"19":1,"20":1,"21":1,"22":4,"23":4},"f":{"0":4,"1":3,"2":1,"3":1},"b":{"0":[2,2],"1":[4,3],"2":[2,0],"3":[2,2,0],"4":[2,1],"5":[3,2],"6":[0,1],"7":[0,1]},"_coverageSchema":"1a1c01bbd47fc00a2c39e90264f33305004495a9","hash":"33b56dda4b80eb89e3f34f25151c43a1788c3b05"}
}
