TN:
SF:js/quiz.js
FN:32,loadQuestion
FN:49,checkAnswer
FN:78,displayScore
FN:81,shuffleQuestions
FNF:4
FNH:4
FNDA:4,loadQuestion
FNDA:3,checkAnswer
FNDA:1,displayScore
FNDA:1,shuffleQuestions
DA:1,1
DA:2,1
DA:4,1
DA:33,4
DA:34,2
DA:37,2
DA:39,2
DA:40,2
DA:43,0
DA:50,3
DA:53,3
DA:54,2
DA:57,1
DA:59,1
DA:60,0
DA:63,1
DA:65,1
DA:66,0
DA:72,1
DA:79,1
DA:82,1
DA:83,4
DA:84,4
LF:23
LH:20
BRDA:33,0,0,2
BRDA:33,0,1,2
BRDA:33,1,0,4
BRDA:33,1,1,3
BRDA:39,2,0,2
BRDA:39,2,1,0
BRDA:39,3,0,2
BRDA:39,3,1,2
BRDA:39,3,2,0
BRDA:53,4,0,2
BRDA:53,4,1,1
BRDA:53,5,0,3
BRDA:53,5,1,2
BRDA:59,6,0,0
BRDA:59,6,1,1
BRDA:65,7,0,0
BRDA:65,7,1,1
BRF:17
BRH:13
end_of_record
